Port monitor named: D:\CST_Workspace\patch\Result\Port1_h1.prt

nx        = 23
ny        = 4
nz        = 19

nu        = 17
nv        = 21
iu        = 2
iv        = 2

idir      = 1
dcut      = -4.772411e-002
icut      = 2
type      = 1
frequency = 2.400000e+009

fcutoff   = 0.000000e+000
alpha     = 0.000000e+000
beta      = 9.201779e+001
accuracy  = 5.548696e-012

type          = QTEM
wave imp.     = 2.183514e+002
wave imp.sig. = 5.222856e-010
line imp.     = 5.227291e+001

-0.000000e+000   7.150920e-004   5.342806e-002   1.054778e-001   1.562298e-001   2.050890e-001   2.515164e-001   2.950447e-001   3.352904e-001   3.992292e-001   4.505102e-001   4.892217e-001   5.163231e-001   5.334230e-001   5.425308e-001   5.432912e-001   4.831553e-001  
-0.000000e+000   3.549125e-003   2.651605e-001   5.225939e-001   7.718677e-001   1.009275e+000   1.231511e+000   1.435781e+000   1.619897e+000   1.898920e+000   2.103730e+000   2.237971e+000   2.310568e+000   2.333692e+000   2.320835e+000   2.227189e+000   1.876654e+000  
-0.000000e+000   8.822212e-003   6.590627e-001   1.294586e+000   1.901318e+000   2.466112e+000   2.977299e+000   3.425271e+000   3.803059e+000   4.300067e+000   4.558418e+000   4.612000e+000   4.510758e+000   4.307592e+000   4.050002e+000   3.487485e+000   2.613612e+000  
-0.000000e+000   1.423199e-002   1.063166e+000   2.085829e+000   3.056310e+000   3.949062e+000   4.739903e+000   5.407774e+000   5.937119e+000   6.525260e+000   6.665636e+000   6.465280e+000   6.050740e+000   5.531058e+000   4.985567e+000   3.973457e+000   2.788253e+000  
-0.000000e+000   1.948816e-002   1.455842e+000   2.858187e+000   4.191041e+000   5.415923e+000   6.492019e+000   7.379485e+000   8.045855e+000   8.649071e+000   8.558216e+000   8.008063e+000   7.229054e+000   6.385088e+000   5.573218e+000   4.196508e+000   2.816832e+000  
-0.000000e+000   2.687812e-002   2.008093e+000   3.956616e+000   5.832432e+000   7.581016e+000   9.129394e+000   1.038886e+001   1.127051e+001   1.176505e+001   1.110817e+001   9.879473e+000   8.502062e+000   7.195182e+000   6.045052e+000   4.273636e+000   2.743025e+000  
-0.000000e+000   3.631312e-002   2.713652e+000   5.396084e+000   8.070752e+000   1.068561e+001   1.312277e+001   1.517170e+001   1.652985e+001   1.652625e+001   1.447668e+001   1.196576e+001   9.676936e+000   7.783822e+000   6.267257e+000   4.153962e+000   2.555522e+000  
-0.000000e+000   4.540824e-002   3.394934e+000   6.871335e+000   1.058897e+001   1.462364e+001   1.893815e+001   2.319753e+001   2.633090e+001   2.420955e+001   1.850720e+001   1.373880e+001   1.029033e+001   7.837764e+000   6.054052e+000   3.791120e+000   2.249196e+000  
-0.000000e+000   4.651291e-002   3.479776e+000   7.212497e+000   1.161656e+001   1.724517e+001   2.501013e+001   3.650988e+001   5.049376e+001   3.700602e+001   2.121128e+001   1.363368e+001   9.486560e+000   6.940226e+000   5.222549e+000   3.161654e+000   1.828185e+000  
-0.000000e+000   1.413257e-002   1.055524e+000   2.054524e+000   2.951881e+000   3.648604e+000   3.971640e+000   3.616274e+000  -0.000000e+000   3.476219e+000   4.698692e+000   4.480190e+000   3.833216e+000   3.132119e+000   2.503167e+000   1.557687e+000   8.744419e-001  
-0.000000e+000  -1.413257e-002  -1.055524e+000  -2.054524e+000  -2.951881e+000  -3.648604e+000  -3.971640e+000  -3.616274e+000  -0.000000e+000  -3.476219e+000  -4.698692e+000  -4.480190e+000  -3.833216e+000  -3.132119e+000  -2.503167e+000  -1.557687e+000  -8.744419e-001  
-0.000000e+000  -4.651291e-002  -3.479776e+000  -7.212497e+000  -1.161656e+001  -1.724517e+001  -2.501013e+001  -3.650988e+001  -5.049376e+001  -3.700602e+001  -2.121128e+001  -1.363368e+001  -9.486560e+000  -6.940226e+000  -5.222549e+000  -3.161654e+000  -1.828185e+000  
-0.000000e+000  -4.540824e-002  -3.394934e+000  -6.871335e+000  -1.058897e+001  -1.462364e+001  -1.893815e+001  -2.319753e+001  -2.633090e+001  -2.420955e+001  -1.850720e+001  -1.373880e+001  -1.029033e+001  -7.837764e+000  -6.054052e+000  -3.791120e+000  -2.249196e+000  
-0.000000e+000  -3.631312e-002  -2.713652e+000  -5.396084e+000  -8.070752e+000  -1.068561e+001  -1.312277e+001  -1.517170e+001  -1.652985e+001  -1.652625e+001  -1.447668e+001  -1.196576e+001  -9.676936e+000  -7.783822e+000  -6.267257e+000  -4.153962e+000  -2.555522e+000  
-0.000000e+000  -2.687812e-002  -2.008093e+000  -3.956616e+000  -5.832432e+000  -7.581016e+000  -9.129394e+000  -1.038886e+001  -1.127051e+001  -1.176505e+001  -1.110817e+001  -9.879473e+000  -8.502062e+000  -7.195182e+000  -6.045052e+000  -4.273636e+000  -2.743025e+000  
-0.000000e+000  -1.948816e-002  -1.455842e+000  -2.858187e+000  -4.191041e+000  -5.415923e+000  -6.492019e+000  -7.379485e+000  -8.045855e+000  -8.649071e+000  -8.558216e+000  -8.008063e+000  -7.229054e+000  -6.385088e+000  -5.573218e+000  -4.196508e+000  -2.816832e+000  
-0.000000e+000  -1.423199e-002  -1.063166e+000  -2.085829e+000  -3.056310e+000  -3.949062e+000  -4.739903e+000  -5.407774e+000  -5.937119e+000  -6.525260e+000  -6.665636e+000  -6.465280e+000  -6.050740e+000  -5.531058e+000  -4.985567e+000  -3.973457e+000  -2.788253e+000  
-0.000000e+000  -8.822212e-003  -6.590627e-001  -1.294586e+000  -1.901318e+000  -2.466112e+000  -2.977299e+000  -3.425271e+000  -3.803059e+000  -4.300067e+000  -4.558418e+000  -4.612000e+000  -4.510758e+000  -4.307592e+000  -4.050002e+000  -3.487485e+000  -2.613612e+000  
-0.000000e+000  -3.549125e-003  -2.651605e-001  -5.225939e-001  -7.718677e-001  -1.009275e+000  -1.231511e+000  -1.435781e+000  -1.619897e+000  -1.898920e+000  -2.103730e+000  -2.237971e+000  -2.310568e+000  -2.333692e+000  -2.320835e+000  -2.227189e+000  -1.876654e+000  
-0.000000e+000  -7.150920e-004  -5.342806e-002  -1.054778e-001  -1.562298e-001  -2.050890e-001  -2.515164e-001  -2.950447e-001  -3.352904e-001  -3.992292e-001  -4.505102e-001  -4.892217e-001  -5.163231e-001  -5.334230e-001  -5.425308e-001  -5.432912e-001  -4.831553e-001  
-0.000000e+000  -0.000000e+000  -0.000000e+000  -0.000000e+000  -0.000000e+000  -0.000000e+000  -0.000000e+000  -0.000000e+000  -0.000000e+000  -0.000000e+000  -0.000000e+000  -0.000000e+000  -0.000000e+000  -0.000000e+000  -0.000000e+000  -0.000000e+000  -0.000000e+000  

-5.051788e+000  -5.051532e+000  -5.032392e+000  -4.994600e+000  -4.938613e+000  -4.865094e+000  -4.774898e+000  -4.669043e+000  -4.501930e+000  -4.247491e+000  -3.960512e+000  -3.648970e+000  -3.320231e+000  -2.980642e+000  -2.462588e+000  -7.333058e-001  -0.000000e+000  
-5.516435e+000  -5.516102e+000  -5.491198e+000  -5.442132e+000  -5.369696e+000  -5.275044e+000  -5.159651e+000  -5.025259e+000  -4.814395e+000  -4.499052e+000  -4.151550e+000  -3.784040e+000  -3.407001e+000  -3.028701e+000  -2.468150e+000  -6.985030e-001  -0.000000e+000  
-7.816840e+000  -7.816020e+000  -7.754851e+000  -7.634952e+000  -7.459498e+000  -7.233115e+000  -6.961717e+000  -6.652268e+000  -6.176823e+000  -5.504922e+000  -4.818116e+000  -4.153866e+000  -3.538181e+000  -2.985698e+000  -2.259493e+000  -4.934673e-001  -0.000000e+000  
-1.066263e+001  -1.066096e+001  -1.053600e+001  -1.029131e+001  -9.934087e+000  -9.475325e+000  -8.929882e+000  -8.316133e+000  -7.388948e+000  -6.144845e+000  -4.966707e+000  -3.930425e+000  -3.069125e+000  -2.384591e+000  -1.598957e+000  -2.355195e-001  -0.000000e+000  
-1.295250e+001  -1.295006e+001  -1.276821e+001  -1.241050e+001  -1.188491e+001  -1.120539e+001  -1.039355e+001  -9.479670e+000  -8.106775e+000  -6.326360e+000  -4.739723e+000  -3.446127e+000  -2.457836e+000  -1.741176e+000  -1.000874e+000  -6.016462e-002  -0.000000e+000  
-1.608377e+001  -1.608035e+001  -1.582486e+001  -1.531670e+001  -1.455732e+001  -1.355559e+001  -1.233522e+001  -1.094243e+001  -8.844696e+000  -6.233376e+000  -4.096242e+000  -2.527476e+000  -1.459926e+000  -7.801025e-001  -1.853430e-001   1.442075e-001  -0.000000e+000  
-2.039701e+001  -2.039265e+001  -2.006646e+001  -1.940100e+001  -1.836629e+001  -1.693117e+001  -1.508522e+001  -1.287419e+001  -9.455059e+000  -5.466027e+000  -2.643485e+000  -8.948556e-001   9.043411e-002   5.847364e-001   8.658369e-001   3.711547e-001  -0.000000e+000  
-2.621832e+001  -2.621412e+001  -2.589922e+001  -2.521742e+001  -2.405382e+001  -2.223448e+001  -1.954822e+001  -1.584125e+001  -9.472850e+000  -3.036918e+000   3.398285e-001   1.825973e+000   2.340931e+000   2.387361e+000   2.121412e+000   6.083346e-001  -0.000000e+000  
-3.349223e+001  -3.349171e+001  -3.345216e+001  -3.329394e+001  -3.281857e+001  -3.160732e+001  -2.880353e+001  -2.265843e+001  -6.963969e+000   3.753485e+000   6.019093e+000   5.932163e+000   5.260181e+000   4.509693e+000   3.466941e+000   8.372510e-001  -0.000000e+000  
-4.094025e+001  -4.094839e+001  -4.155828e+001  -4.285595e+001  -4.503598e+001  -4.845710e+001  -5.375109e+001  -6.202876e+001   3.791217e+001   2.259665e+001   1.505462e+001   1.087429e+001   8.292886e+000   6.554433e+000   4.692809e+000   1.035287e+000  -0.000000e+000  
-4.698285e+001  -4.698774e+001  -4.735293e+001  -4.806376e+001  -4.908508e+001  -5.034749e+001  -5.172170e+001  -5.297300e+001   2.086951e+001   1.868626e+001   1.573548e+001   1.292215e+001   1.051534e+001   8.549002e+000   6.192187e+000   1.305969e+000  -0.000000e+000  
-4.094025e+001  -4.094839e+001  -4.155828e+001  -4.285595e+001  -4.503598e+001  -4.845710e+001  -5.375109e+001  -6.202876e+001   3.791217e+001   2.259665e+001   1.505462e+001   1.087429e+001   8.292886e+000   6.554433e+000   4.692809e+000   1.035287e+000  -0.000000e+000  
-3.349223e+001  -3.349171e+001  -3.345216e+001  -3.329394e+001  -3.281857e+001  -3.160732e+001  -2.880353e+001  -2.265843e+001  -6.963969e+000   3.753485e+000   6.019093e+000   5.932163e+000   5.260181e+000   4.509693e+000   3.466941e+000   8.372510e-001  -0.000000e+000  
-2.621832e+001  -2.621412e+001  -2.589922e+001  -2.521742e+001  -2.405382e+001  -2.223448e+001  -1.954822e+001  -1.584125e+001  -9.472850e+000  -3.036918e+000   3.398285e-001   1.825973e+000   2.340931e+000   2.387361e+000   2.121412e+000   6.083346e-001  -0.000000e+000  
-2.039701e+001  -2.039265e+001  -2.006646e+001  -1.940100e+001  -1.836629e+001  -1.693117e+001  -1.508522e+001  -1.287419e+001  -9.455059e+000  -5.466027e+000  -2.643485e+000  -8.948556e-001   9.043411e-002   5.847364e-001   8.658369e-001   3.711547e-001  -0.000000e+000  
-1.608377e+001  -1.608035e+001  -1.582486e+001  -1.531670e+001  -1.455732e+001  -1.355559e+001  -1.233522e+001  -1.094243e+001  -8.844696e+000  -6.233376e+000  -4.096242e+000  -2.527476e+000  -1.459926e+000  -7.801025e-001  -1.853430e-001   1.442075e-001  -0.000000e+000  
-1.295250e+001  -1.295006e+001  -1.276821e+001  -1.241050e+001  -1.188491e+001  -1.120539e+001  -1.039355e+001  -9.479670e+000  -8.106775e+000  -6.326360e+000  -4.739723e+000  -3.446127e+000  -2.457836e+000  -1.741176e+000  -1.000874e+000  -6.016462e-002  -0.000000e+000  
-1.066263e+001  -1.066096e+001  -1.053600e+001  -1.029131e+001  -9.934087e+000  -9.475325e+000  -8.929882e+000  -8.316133e+000  -7.388948e+000  -6.144845e+000  -4.966707e+000  -3.930425e+000  -3.069125e+000  -2.384591e+000  -1.598957e+000  -2.355195e-001  -0.000000e+000  
-7.816840e+000  -7.816020e+000  -7.754851e+000  -7.634952e+000  -7.459498e+000  -7.233115e+000  -6.961717e+000  -6.652268e+000  -6.176823e+000  -5.504922e+000  -4.818116e+000  -4.153866e+000  -3.538181e+000  -2.985698e+000  -2.259493e+000  -4.934673e-001  -0.000000e+000  
-5.516435e+000  -5.516102e+000  -5.491198e+000  -5.442132e+000  -5.369696e+000  -5.275044e+000  -5.159651e+000  -5.025259e+000  -4.814395e+000  -4.499052e+000  -4.151550e+000  -3.784040e+000  -3.407001e+000  -3.028701e+000  -2.468150e+000  -6.985030e-001  -0.000000e+000  
-5.051788e+000  -5.051532e+000  -5.032392e+000  -4.994600e+000  -4.938613e+000  -4.865094e+000  -4.774898e+000  -4.669043e+000  -4.501930e+000  -4.247491e+000  -3.960512e+000  -3.648970e+000  -3.320231e+000  -2.980642e+000  -2.462588e+000  -7.333058e-001  -0.000000e+000  

 0.000000e+000   0.000000e+000   0.000000e+000   0.000000e+000   0.000000e+000   0.000000e+000   0.000000e+000   0.000000e+000   0.000000e+000   0.000000e+000   0.000000e+000   0.000000e+000   0.000000e+000   0.000000e+000   0.000000e+000   0.000000e+000   0.000000e+000  
 0.000000e+000   0.000000e+000   0.000000e+000   0.000000e+000   0.000000e+000   0.000000e+000   0.000000e+000   0.000000e+000   0.000000e+000   0.000000e+000   0.000000e+000   0.000000e+000   0.000000e+000   0.000000e+000   0.000000e+000   0.000000e+000   0.000000e+000  
 0.000000e+000   0.000000e+000   0.000000e+000   0.000000e+000   0.000000e+000   0.000000e+000   0.000000e+000   0.000000e+000   0.000000e+000   0.000000e+000   0.000000e+000   0.000000e+000   0.000000e+000   0.000000e+000   0.000000e+000   0.000000e+000   0.000000e+000  
 0.000000e+000   0.000000e+000   0.000000e+000   0.000000e+000   0.000000e+000   0.000000e+000   0.000000e+000   0.000000e+000   0.000000e+000   0.000000e+000   0.000000e+000   0.000000e+000   0.000000e+000   0.000000e+000   0.000000e+000   0.000000e+000   0.000000e+000  
 0.000000e+000   0.000000e+000   0.000000e+000   0.000000e+000   0.000000e+000   0.000000e+000   0.000000e+000   0.000000e+000   0.000000e+000   0.000000e+000   0.000000e+000   0.000000e+000   0.000000e+000   0.000000e+000   0.000000e+000   0.000000e+000   0.000000e+000  
 0.000000e+000   0.000000e+000   0.000000e+000   0.000000e+000   0.000000e+000   0.000000e+000   0.000000e+000   0.000000e+000   0.000000e+000   0.000000e+000   0.000000e+000   0.000000e+000   0.000000e+000   0.000000e+000   0.000000e+000   0.000000e+000   0.000000e+000  
 0.000000e+000   0.000000e+000   0.000000e+000   0.000000e+000   0.000000e+000   0.000000e+000   0.000000e+000   0.000000e+000   0.000000e+000   0.000000e+000   0.000000e+000   0.000000e+000   0.000000e+000   0.000000e+000   0.000000e+000   0.000000e+000   0.000000e+000  
 0.000000e+000   0.000000e+000   0.000000e+000   0.000000e+000   0.000000e+000   0.000000e+000   0.000000e+000   0.000000e+000   0.000000e+000   0.000000e+000   0.000000e+000   0.000000e+000   0.000000e+000   0.000000e+000   0.000000e+000   0.000000e+000   0.000000e+000  
 0.000000e+000   0.000000e+000   0.000000e+000   0.000000e+000   0.000000e+000   0.000000e+000   0.000000e+000   0.000000e+000   0.000000e+000   0.000000e+000   0.000000e+000   0.000000e+000   0.000000e+000   0.000000e+000   0.000000e+000   0.000000e+000   0.000000e+000  
 0.000000e+000   0.000000e+000   0.000000e+000   0.000000e+000   0.000000e+000   0.000000e+000   0.000000e+000   0.000000e+000   0.000000e+000   0.000000e+000   0.000000e+000   0.000000e+000   0.000000e+000   0.000000e+000   0.000000e+000   0.000000e+000   0.000000e+000  
 0.000000e+000   0.000000e+000   0.000000e+000   0.000000e+000   0.000000e+000   0.000000e+000   0.000000e+000   0.000000e+000   0.000000e+000   0.000000e+000   0.000000e+000   0.000000e+000   0.000000e+000   0.000000e+000   0.000000e+000   0.000000e+000   0.000000e+000  
 0.000000e+000   0.000000e+000   0.000000e+000   0.000000e+000   0.000000e+000   0.000000e+000   0.000000e+000   0.000000e+000   0.000000e+000   0.000000e+000   0.000000e+000   0.000000e+000   0.000000e+000   0.000000e+000   0.000000e+000   0.000000e+000   0.000000e+000  
 0.000000e+000   0.000000e+000   0.000000e+000   0.000000e+000   0.000000e+000   0.000000e+000   0.000000e+000   0.000000e+000   0.000000e+000   0.000000e+000   0.000000e+000   0.000000e+000   0.000000e+000   0.000000e+000   0.000000e+000   0.000000e+000   0.000000e+000  
 0.000000e+000   0.000000e+000   0.000000e+000   0.000000e+000   0.000000e+000   0.000000e+000   0.000000e+000   0.000000e+000   0.000000e+000   0.000000e+000   0.000000e+000   0.000000e+000   0.000000e+000   0.000000e+000   0.000000e+000   0.000000e+000   0.000000e+000  
 0.000000e+000   0.000000e+000   0.000000e+000   0.000000e+000   0.000000e+000   0.000000e+000   0.000000e+000   0.000000e+000   0.000000e+000   0.000000e+000   0.000000e+000   0.000000e+000   0.000000e+000   0.000000e+000   0.000000e+000   0.000000e+000   0.000000e+000  
 0.000000e+000   0.000000e+000   0.000000e+000   0.000000e+000   0.000000e+000   0.000000e+000   0.000000e+000   0.000000e+000   0.000000e+000   0.000000e+000   0.000000e+000   0.000000e+000   0.000000e+000   0.000000e+000   0.000000e+000   0.000000e+000   0.000000e+000  
 0.000000e+000   0.000000e+000   0.000000e+000   0.000000e+000   0.000000e+000   0.000000e+000   0.000000e+000   0.000000e+000   0.000000e+000   0.000000e+000   0.000000e+000   0.000000e+000   0.000000e+000   0.000000e+000   0.000000e+000   0.000000e+000   0.000000e+000  
 0.000000e+000   0.000000e+000   0.000000e+000   0.000000e+000   0.000000e+000   0.000000e+000   0.000000e+000   0.000000e+000   0.000000e+000   0.000000e+000   0.000000e+000   0.000000e+000   0.000000e+000   0.000000e+000   0.000000e+000   0.000000e+000   0.000000e+000  
 0.000000e+000   0.000000e+000   0.000000e+000   0.000000e+000   0.000000e+000   0.000000e+000   0.000000e+000   0.000000e+000   0.000000e+000   0.000000e+000   0.000000e+000   0.000000e+000   0.000000e+000   0.000000e+000   0.000000e+000   0.000000e+000   0.000000e+000  
 0.000000e+000   0.000000e+000   0.000000e+000   0.000000e+000   0.000000e+000   0.000000e+000   0.000000e+000   0.000000e+000   0.000000e+000   0.000000e+000   0.000000e+000   0.000000e+000   0.000000e+000   0.000000e+000   0.000000e+000   0.000000e+000   0.000000e+000  
 0.000000e+000   0.000000e+000   0.000000e+000   0.000000e+000   0.000000e+000   0.000000e+000   0.000000e+000   0.000000e+000   0.000000e+000   0.000000e+000   0.000000e+000   0.000000e+000   0.000000e+000   0.000000e+000   0.000000e+000   0.000000e+000   0.000000e+000  

 0.000000e+000   0.000000e+000   0.000000e+000   0.000000e+000   0.000000e+000   0.000000e+000   0.000000e+000   0.000000e+000   0.000000e+000   0.000000e+000   0.000000e+000   0.000000e+000   0.000000e+000   0.000000e+000   0.000000e+000   0.000000e+000   0.000000e+000  
 0.000000e+000   0.000000e+000   0.000000e+000   0.000000e+000   0.000000e+000   0.000000e+000   0.000000e+000   0.000000e+000   0.000000e+000   0.000000e+000   0.000000e+000   0.000000e+000   0.000000e+000   0.000000e+000   0.000000e+000   0.000000e+000   0.000000e+000  
 0.000000e+000   0.000000e+000   0.000000e+000   0.000000e+000   0.000000e+000   0.000000e+000   0.000000e+000   0.000000e+000   0.000000e+000   0.000000e+000   0.000000e+000   0.000000e+000   0.000000e+000   0.000000e+000   0.000000e+000   0.000000e+000   0.000000e+000  
 0.000000e+000   0.000000e+000   0.000000e+000   0.000000e+000   0.000000e+000   0.000000e+000   0.000000e+000   0.000000e+000   0.000000e+000   0.000000e+000   0.000000e+000   0.000000e+000   0.000000e+000   0.000000e+000   0.000000e+000   0.000000e+000   0.000000e+000  
 0.000000e+000   0.000000e+000   0.000000e+000   0.000000e+000   0.000000e+000   0.000000e+000   0.000000e+000   0.000000e+000   0.000000e+000   0.000000e+000   0.000000e+000   0.000000e+000   0.000000e+000   0.000000e+000   0.000000e+000   0.000000e+000   0.000000e+000  
 0.000000e+000   0.000000e+000   0.000000e+000   0.000000e+000   0.000000e+000   0.000000e+000   0.000000e+000   0.000000e+000   0.000000e+000   0.000000e+000   0.000000e+000   0.000000e+000   0.000000e+000   0.000000e+000   0.000000e+000   0.000000e+000   0.000000e+000  
 0.000000e+000   0.000000e+000   0.000000e+000   0.000000e+000   0.000000e+000   0.000000e+000   0.000000e+000   0.000000e+000   0.000000e+000   0.000000e+000   0.000000e+000   0.000000e+000   0.000000e+000   0.000000e+000   0.000000e+000   0.000000e+000   0.000000e+000  
 0.000000e+000   0.000000e+000   0.000000e+000   0.000000e+000   0.000000e+000   0.000000e+000   0.000000e+000   0.000000e+000   0.000000e+000   0.000000e+000   0.000000e+000   0.000000e+000   0.000000e+000   0.000000e+000   0.000000e+000   0.000000e+000   0.000000e+000  
 0.000000e+000   0.000000e+000   0.000000e+000   0.000000e+000   0.000000e+000   0.000000e+000   0.000000e+000   0.000000e+000   0.000000e+000   0.000000e+000   0.000000e+000   0.000000e+000   0.000000e+000   0.000000e+000   0.000000e+000   0.000000e+000   0.000000e+000  
 0.000000e+000   0.000000e+000   0.000000e+000   0.000000e+000   0.000000e+000   0.000000e+000   0.000000e+000   0.000000e+000   0.000000e+000   0.000000e+000   0.000000e+000   0.000000e+000   0.000000e+000   0.000000e+000   0.000000e+000   0.000000e+000   0.000000e+000  
 0.000000e+000   0.000000e+000   0.000000e+000   0.000000e+000   0.000000e+000   0.000000e+000   0.000000e+000   0.000000e+000   0.000000e+000   0.000000e+000   0.000000e+000   0.000000e+000   0.000000e+000   0.000000e+000   0.000000e+000   0.000000e+000   0.000000e+000  
 0.000000e+000   0.000000e+000   0.000000e+000   0.000000e+000   0.000000e+000   0.000000e+000   0.000000e+000   0.000000e+000   0.000000e+000   0.000000e+000   0.000000e+000   0.000000e+000   0.000000e+000   0.000000e+000   0.000000e+000   0.000000e+000   0.000000e+000  
 0.000000e+000   0.000000e+000   0.000000e+000   0.000000e+000   0.000000e+000   0.000000e+000   0.000000e+000   0.000000e+000   0.000000e+000   0.000000e+000   0.000000e+000   0.000000e+000   0.000000e+000   0.000000e+000   0.000000e+000   0.000000e+000   0.000000e+000  
 0.000000e+000   0.000000e+000   0.000000e+000   0.000000e+000   0.000000e+000   0.000000e+000   0.000000e+000   0.000000e+000   0.000000e+000   0.000000e+000   0.000000e+000   0.000000e+000   0.000000e+000   0.000000e+000   0.000000e+000   0.000000e+000   0.000000e+000  
 0.000000e+000   0.000000e+000   0.000000e+000   0.000000e+000   0.000000e+000   0.000000e+000   0.000000e+000   0.000000e+000   0.000000e+000   0.000000e+000   0.000000e+000   0.000000e+000   0.000000e+000   0.000000e+000   0.000000e+000   0.000000e+000   0.000000e+000  
 0.000000e+000   0.000000e+000   0.000000e+000   0.000000e+000   0.000000e+000   0.000000e+000   0.000000e+000   0.000000e+000   0.000000e+000   0.000000e+000   0.000000e+000   0.000000e+000   0.000000e+000   0.000000e+000   0.000000e+000   0.000000e+000   0.000000e+000  
 0.000000e+000   0.000000e+000   0.000000e+000   0.000000e+000   0.000000e+000   0.000000e+000   0.000000e+000   0.000000e+000   0.000000e+000   0.000000e+000   0.000000e+000   0.000000e+000   0.000000e+000   0.000000e+000   0.000000e+000   0.000000e+000   0.000000e+000  
 0.000000e+000   0.000000e+000   0.000000e+000   0.000000e+000   0.000000e+000   0.000000e+000   0.000000e+000   0.000000e+000   0.000000e+000   0.000000e+000   0.000000e+000   0.000000e+000   0.000000e+000   0.000000e+000   0.000000e+000   0.000000e+000   0.000000e+000  
 0.000000e+000   0.000000e+000   0.000000e+000   0.000000e+000   0.000000e+000   0.000000e+000   0.000000e+000   0.000000e+000   0.000000e+000   0.000000e+000   0.000000e+000   0.000000e+000   0.000000e+000   0.000000e+000   0.000000e+000   0.000000e+000   0.000000e+000  
 0.000000e+000   0.000000e+000   0.000000e+000   0.000000e+000   0.000000e+000   0.000000e+000   0.000000e+000   0.000000e+000   0.000000e+000   0.000000e+000   0.000000e+000   0.000000e+000   0.000000e+000   0.000000e+000   0.000000e+000   0.000000e+000   0.000000e+000  
 0.000000e+000   0.000000e+000   0.000000e+000   0.000000e+000   0.000000e+000   0.000000e+000   0.000000e+000   0.000000e+000   0.000000e+000   0.000000e+000   0.000000e+000   0.000000e+000   0.000000e+000   0.000000e+000   0.000000e+000   0.000000e+000   0.000000e+000  

 0.000000e+000   0.000000e+000   0.000000e+000   0.000000e+000   0.000000e+000   0.000000e+000   0.000000e+000   0.000000e+000   0.000000e+000   0.000000e+000   0.000000e+000   0.000000e+000   0.000000e+000   0.000000e+000   0.000000e+000   0.000000e+000   0.000000e+000  
 0.000000e+000   0.000000e+000   0.000000e+000   0.000000e+000   0.000000e+000   0.000000e+000   0.000000e+000   0.000000e+000   0.000000e+000   0.000000e+000   0.000000e+000   0.000000e+000   0.000000e+000   0.000000e+000   0.000000e+000   0.000000e+000   0.000000e+000  
 0.000000e+000   0.000000e+000   0.000000e+000   0.000000e+000   0.000000e+000   0.000000e+000   0.000000e+000   0.000000e+000   0.000000e+000   0.000000e+000   0.000000e+000   0.000000e+000   0.000000e+000   0.000000e+000   0.000000e+000   0.000000e+000   0.000000e+000  
 0.000000e+000   0.000000e+000   0.000000e+000   0.000000e+000   0.000000e+000   0.000000e+000   0.000000e+000   0.000000e+000   0.000000e+000   0.000000e+000   0.000000e+000   0.000000e+000   0.000000e+000   0.000000e+000   0.000000e+000   0.000000e+000   0.000000e+000  
 0.000000e+000   0.000000e+000   0.000000e+000   0.000000e+000   0.000000e+000   0.000000e+000   0.000000e+000   0.000000e+000   0.000000e+000   0.000000e+000   0.000000e+000   0.000000e+000   0.000000e+000   0.000000e+000   0.000000e+000   0.000000e+000   0.000000e+000  
 0.000000e+000   0.000000e+000   0.000000e+000   0.000000e+000   0.000000e+000   0.000000e+000   0.000000e+000   0.000000e+000   0.000000e+000   0.000000e+000   0.000000e+000   0.000000e+000   0.000000e+000   0.000000e+000   0.000000e+000   0.000000e+000   0.000000e+000  
 0.000000e+000   0.000000e+000   0.000000e+000   0.000000e+000   0.000000e+000   0.000000e+000   0.000000e+000   0.000000e+000   0.000000e+000   0.000000e+000   0.000000e+000   0.000000e+000   0.000000e+000   0.000000e+000   0.000000e+000   0.000000e+000   0.000000e+000  
 0.000000e+000   0.000000e+000   0.000000e+000   0.000000e+000   0.000000e+000   0.000000e+000   0.000000e+000   0.000000e+000   0.000000e+000   0.000000e+000   0.000000e+000   0.000000e+000   0.000000e+000   0.000000e+000   0.000000e+000   0.000000e+000   0.000000e+000  
 0.000000e+000   0.000000e+000   0.000000e+000   0.000000e+000   0.000000e+000   0.000000e+000   0.000000e+000   0.000000e+000   0.000000e+000   0.000000e+000   0.000000e+000   0.000000e+000   0.000000e+000   0.000000e+000   0.000000e+000   0.000000e+000   0.000000e+000  
 0.000000e+000   0.000000e+000   0.000000e+000   0.000000e+000   0.000000e+000   0.000000e+000   0.000000e+000   0.000000e+000   0.000000e+000   0.000000e+000   0.000000e+000   0.000000e+000   0.000000e+000   0.000000e+000   0.000000e+000   0.000000e+000   0.000000e+000  
 0.000000e+000   0.000000e+000   0.000000e+000   0.000000e+000   0.000000e+000   0.000000e+000   0.000000e+000   0.000000e+000   0.000000e+000   0.000000e+000   0.000000e+000   0.000000e+000   0.000000e+000   0.000000e+000   0.000000e+000   0.000000e+000   0.000000e+000  
 0.000000e+000   0.000000e+000   0.000000e+000   0.000000e+000   0.000000e+000   0.000000e+000   0.000000e+000   0.000000e+000   0.000000e+000   0.000000e+000   0.000000e+000   0.000000e+000   0.000000e+000   0.000000e+000   0.000000e+000   0.000000e+000   0.000000e+000  
 0.000000e+000   0.000000e+000   0.000000e+000   0.000000e+000   0.000000e+000   0.000000e+000   0.000000e+000   0.000000e+000   0.000000e+000   0.000000e+000   0.000000e+000   0.000000e+000   0.000000e+000   0.000000e+000   0.000000e+000   0.000000e+000   0.000000e+000  
 0.000000e+000   0.000000e+000   0.000000e+000   0.000000e+000   0.000000e+000   0.000000e+000   0.000000e+000   0.000000e+000   0.000000e+000   0.000000e+000   0.000000e+000   0.000000e+000   0.000000e+000   0.000000e+000   0.000000e+000   0.000000e+000   0.000000e+000  
 0.000000e+000   0.000000e+000   0.000000e+000   0.000000e+000   0.000000e+000   0.000000e+000   0.000000e+000   0.000000e+000   0.000000e+000   0.000000e+000   0.000000e+000   0.000000e+000   0.000000e+000   0.000000e+000   0.000000e+000   0.000000e+000   0.000000e+000  
 0.000000e+000   0.000000e+000   0.000000e+000   0.000000e+000   0.000000e+000   0.000000e+000   0.000000e+000   0.000000e+000   0.000000e+000   0.000000e+000   0.000000e+000   0.000000e+000   0.000000e+000   0.000000e+000   0.000000e+000   0.000000e+000   0.000000e+000  
 0.000000e+000   0.000000e+000   0.000000e+000   0.000000e+000   0.000000e+000   0.000000e+000   0.000000e+000   0.000000e+000   0.000000e+000   0.000000e+000   0.000000e+000   0.000000e+000   0.000000e+000   0.000000e+000   0.000000e+000   0.000000e+000   0.000000e+000  
 0.000000e+000   0.000000e+000   0.000000e+000   0.000000e+000   0.000000e+000   0.000000e+000   0.000000e+000   0.000000e+000   0.000000e+000   0.000000e+000   0.000000e+000   0.000000e+000   0.000000e+000   0.000000e+000   0.000000e+000   0.000000e+000   0.000000e+000  
 0.000000e+000   0.000000e+000   0.000000e+000   0.000000e+000   0.000000e+000   0.000000e+000   0.000000e+000   0.000000e+000   0.000000e+000   0.000000e+000   0.000000e+000   0.000000e+000   0.000000e+000   0.000000e+000   0.000000e+000   0.000000e+000   0.000000e+000  
 0.000000e+000   0.000000e+000   0.000000e+000   0.000000e+000   0.000000e+000   0.000000e+000   0.000000e+000   0.000000e+000   0.000000e+000   0.000000e+000   0.000000e+000   0.000000e+000   0.000000e+000   0.000000e+000   0.000000e+000   0.000000e+000   0.000000e+000  
 0.000000e+000   0.000000e+000   0.000000e+000   0.000000e+000   0.000000e+000   0.000000e+000   0.000000e+000   0.000000e+000   0.000000e+000   0.000000e+000   0.000000e+000   0.000000e+000   0.000000e+000   0.000000e+000   0.000000e+000   0.000000e+000   0.000000e+000  

 9.365173e-002   9.364964e-002   9.349397e-002   9.318327e-002   9.271493e-002   9.208549e-002   9.129127e-002   9.032912e-002   8.733661e-002   8.183647e-002   7.584693e-002   6.951554e-002   6.297264e-002   5.632620e-002   4.632509e-002   1.362606e-002   0.000000e+000  
 3.941350e-001   3.941274e-001   3.935603e-001   3.924139e-001   3.906499e-001   3.882138e-001   3.850383e-001   3.810466e-001   3.669981e-001   3.412214e-001   3.136987e-001   2.851892e-001   2.563382e-001   2.276481e-001   1.853787e-001   5.261156e-002   0.000000e+000  
 6.504158e-001   6.504190e-001   6.506607e-001   6.510440e-001   6.513809e-001   6.514001e-001   6.507606e-001   6.490689e-001   6.219562e-001   5.668086e-001   5.100519e-001   4.537684e-001   3.994913e-001   3.481878e-001   2.763936e-001   7.245807e-002   0.000000e+000  
 7.749271e-001   7.749540e-001   7.769642e-001   7.807639e-001   7.859713e-001   7.920245e-001   7.981994e-001   8.036404e-001   7.674681e-001   6.869729e-001   6.066431e-001   5.298652e-001   4.586908e-001   3.940390e-001   3.070044e-001   7.689248e-002   0.000000e+000  
 8.485067e-001   8.485616e-001   8.526605e-001   8.605310e-001   8.716236e-001   8.851008e-001   8.998374e-001   9.144485e-001   8.709468e-001   7.670434e-001   6.661464e-001   5.727582e-001   4.889879e-001   4.152671e-001   3.189437e-001   7.741893e-002   0.000000e+000  
 9.029632e-001   9.030632e-001   9.105299e-001   9.250520e-001   9.459622e-001   9.721478e-001   1.001949e+000   1.033096e+000   9.803545e-001   8.430468e-001   7.151336e-001   6.021007e-001   5.050957e-001   4.230604e-001   3.196308e-001   7.514825e-002   0.000000e+000  
 9.226789e-001   9.228435e-001   9.351389e-001   9.594465e-001   9.953977e-001   1.042087e+000   1.097606e+000   1.158434e+000   1.093078e+000   9.058963e-001   7.431075e-001   6.087614e-001   5.000024e-001   4.123208e-001   3.061098e-001   6.980452e-002   0.000000e+000  
 8.852840e-001   8.855204e-001   9.031997e-001   9.390218e-001   9.942637e-001   1.070414e+000   1.168180e+000   1.284985e+000   1.200313e+000   9.342232e-001   7.307373e-001   5.791115e-001   4.649975e-001   3.776380e-001   2.758891e-001   6.127800e-002   0.000000e+000  
 7.658813e-001   7.661455e-001   7.859177e-001   8.272520e-001   8.947850e-001   9.970604e-001   1.149166e+000   1.377821e+000   1.269102e+000   8.735495e-001   6.446281e-001   4.961386e-001   3.919758e-001   3.152197e-001   2.279873e-001   4.970189e-002   0.000000e+000  
 3.790267e-001   3.791059e-001   3.850196e-001   3.965181e-001   4.129906e-001   4.331995e-001   4.547807e-001   4.733422e-001   3.637175e-001   3.271670e-001   2.768355e-001   2.284038e-001   1.866626e-001   1.523247e-001   1.108803e-001   2.366867e-002   0.000000e+000  
-3.790267e-001  -3.791059e-001  -3.850196e-001  -3.965181e-001  -4.129906e-001  -4.331995e-001  -4.547807e-001  -4.733422e-001  -3.637175e-001  -3.271670e-001  -2.768355e-001  -2.284038e-001  -1.866626e-001  -1.523247e-001  -1.108803e-001  -2.366867e-002   0.000000e+000  
-7.658813e-001  -7.661455e-001  -7.859177e-001  -8.272520e-001  -8.947850e-001  -9.970604e-001  -1.149166e+000  -1.377821e+000  -1.269102e+000  -8.735495e-001  -6.446281e-001  -4.961386e-001  -3.919758e-001  -3.152197e-001  -2.279873e-001  -4.970189e-002   0.000000e+000  
-8.852840e-001  -8.855204e-001  -9.031997e-001  -9.390218e-001  -9.942637e-001  -1.070414e+000  -1.168180e+000  -1.284985e+000  -1.200313e+000  -9.342232e-001  -7.307373e-001  -5.791115e-001  -4.649975e-001  -3.776380e-001  -2.758891e-001  -6.127800e-002   0.000000e+000  
-9.226789e-001  -9.228435e-001  -9.351389e-001  -9.594465e-001  -9.953977e-001  -1.042087e+000  -1.097606e+000  -1.158434e+000  -1.093078e+000  -9.058963e-001  -7.431075e-001  -6.087614e-001  -5.000024e-001  -4.123208e-001  -3.061098e-001  -6.980452e-002   0.000000e+000  
-9.029632e-001  -9.030632e-001  -9.105299e-001  -9.250520e-001  -9.459622e-001  -9.721478e-001  -1.001949e+000  -1.033096e+000  -9.803545e-001  -8.430468e-001  -7.151336e-001  -6.021007e-001  -5.050957e-001  -4.230604e-001  -3.196308e-001  -7.514825e-002   0.000000e+000  
-8.485067e-001  -8.485616e-001  -8.526605e-001  -8.605310e-001  -8.716236e-001  -8.851008e-001  -8.998374e-001  -9.144485e-001  -8.709468e-001  -7.670434e-001  -6.661464e-001  -5.727582e-001  -4.889879e-001  -4.152671e-001  -3.189437e-001  -7.741893e-002   0.000000e+000  
-7.749271e-001  -7.749540e-001  -7.769642e-001  -7.807639e-001  -7.859713e-001  -7.920245e-001  -7.981994e-001  -8.036404e-001  -7.674681e-001  -6.869729e-001  -6.066431e-001  -5.298652e-001  -4.586908e-001  -3.940390e-001  -3.070044e-001  -7.689248e-002   0.000000e+000  
-6.504158e-001  -6.504190e-001  -6.506607e-001  -6.510440e-001  -6.513809e-001  -6.514001e-001  -6.507606e-001  -6.490689e-001  -6.219562e-001  -5.668086e-001  -5.100519e-001  -4.537684e-001  -3.994913e-001  -3.481878e-001  -2.763936e-001  -7.245807e-002   0.000000e+000  
-3.941350e-001  -3.941274e-001  -3.935603e-001  -3.924139e-001  -3.906499e-001  -3.882138e-001  -3.850383e-001  -3.810466e-001  -3.669981e-001  -3.412214e-001  -3.136987e-001  -2.851892e-001  -2.563382e-001  -2.276481e-001  -1.853787e-001  -5.261156e-002   0.000000e+000  
-9.365173e-002  -9.364964e-002  -9.349397e-002  -9.318327e-002  -9.271493e-002  -9.208549e-002  -9.129127e-002  -9.032912e-002  -8.733661e-002  -8.183647e-002  -7.584693e-002  -6.951554e-002  -6.297264e-002  -5.632620e-002  -4.632509e-002  -1.362606e-002   0.000000e+000  
 0.000000e+000   0.000000e+000   0.000000e+000   0.000000e+000   0.000000e+000   0.000000e+000   0.000000e+000   0.000000e+000   0.000000e+000   0.000000e+000   0.000000e+000   0.000000e+000   0.000000e+000   0.000000e+000   0.000000e+000   0.000000e+000   0.000000e+000  

