Port monitor named: D:\CST_Workspace\patch\Result\Port1_e1.prt

nx        = 23
ny        = 4
nz        = 19

nu        = 17
nv        = 21
iu        = 2
iv        = 2

idir      = 1
dcut      = -4.772411e-002
icut      = 2
type      = 0
frequency = 2.400000e+009

fcutoff   = 0.000000e+000
alpha     = 0.000000e+000
beta      = 9.201779e+001
accuracy  = 5.548696e-012

type          = QTEM
wave imp.     = 2.183514e+002
wave imp.sig. = 5.222856e-010
line imp.     = 5.227291e+001

-2.313891e+002  -2.313624e+002  -2.293685e+002  -2.254503e+002  -2.196908e+002  -2.122089e+002  -2.031531e+002  -1.926936e+002  -8.485932e+002  -8.151901e+002  -7.719924e+002  -7.206892e+002  -6.629930e+002  -6.004912e+002  -5.015743e+002  -1.537083e+002  -0.000000e+000  
-2.822081e+002  -2.821666e+002  -2.790614e+002  -2.729918e+002  -2.641513e+002  -2.528195e+002  -2.393511e+002  -2.241616e+002  -9.347445e+002  -8.902106e+002  -8.342221e+002  -7.699405e+002  -7.001994e+002  -6.273354e+002  -5.160017e+002  -1.491647e+002  -0.000000e+000  
-5.628123e+002  -5.626560e+002  -5.509808e+002  -5.282398e+002  -4.953176e+002  -4.534990e+002  -4.044175e+002  -3.499830e+002  -1.359980e+003  -1.230646e+003  -1.089485e+003  -9.472793e+002  -8.118660e+002  -6.880503e+002  -5.230408e+002  -1.145816e+002  -0.000000e+000  
-1.027514e+003  -1.027129e+003  -9.984098e+002  -9.424131e+002  -8.612670e+002  -7.581979e+002  -6.375131e+002  -5.044801e+002  -1.785555e+003  -1.504170e+003  -1.227920e+003  -9.794695e+002  -7.698705e+002  -6.014454e+002  -4.063367e+002  -6.154344e+001  -0.000000e+000  
-1.459421e+003  -1.458823e+003  -1.414136e+003  -1.326529e+003  -1.198552e+003  -1.034526e+003  -8.409480e+002  -6.266626e+002  -2.059695e+003  -1.630596e+003  -1.238203e+003  -9.128880e+002  -6.611371e+002  -4.763699e+002  -2.828017e+002  -2.351872e+001  -0.000000e+000  
-2.098324e+003  -2.097439e+003  -2.031301e+003  -1.900114e+003  -1.705022e+003  -1.449547e+003  -1.141547e+003  -7.951199e+002  -2.366152e+003  -1.705149e+003  -1.153195e+003  -7.416708e+002  -4.570798e+002  -2.719759e+002  -1.043150e+002   2.198310e+001  -0.000000e+000  
-3.043498e+003  -3.042315e+003  -2.953774e+003  -2.773649e+003  -2.494924e+003  -2.111117e+003  -1.622514e+003  -1.045987e+003  -2.673776e+003  -1.624694e+003  -8.682755e+002  -3.896693e+002  -1.112922e+002   3.690289e+001   1.358232e+002   7.363775e+001  -0.000000e+000  
-4.398377e+003  -4.397162e+003  -4.306087e+003  -4.110000e+003  -3.778140e+003  -3.264695e+003  -2.516296e+003  -1.501529e+003  -2.873122e+003  -1.127389e+003  -1.874659e+002   2.477319e+002   4.200928e+002   4.630720e+002   4.318852e+002   1.286045e+002  -0.000000e+000  
-6.173857e+003  -6.173562e+003  -6.151142e+003  -6.083625e+003  -5.913866e+003  -5.521565e+003  -4.661026e+003  -2.831138e+003  -2.454567e+003   5.186133e+002   1.212990e+003   1.259989e+003   1.136087e+003   9.803053e+002   7.564931e+002   1.824157e+002  -0.000000e+000  
-8.051038e+003  -8.053096e+003  -8.207258e+003  -8.536746e+003  -9.094236e+003  -9.977293e+003  -1.135870e+004  -1.354407e+004   9.294320e+003   5.414163e+003   3.536906e+003   2.516300e+003   1.897864e+003   1.488446e+003   1.056797e+003   2.294583e+002  -0.000000e+000  
-9.565753e+003  -9.566979e+003  -9.658583e+003  -9.836816e+003  -1.009262e+004  -1.040792e+004  -1.074872e+004  -1.105270e+004   4.728101e+003   4.513966e+003   3.767102e+003   3.066398e+003   2.474813e+003   1.997523e+003   1.432807e+003   2.949435e+002  -0.000000e+000  
-8.051038e+003  -8.053096e+003  -8.207258e+003  -8.536746e+003  -9.094236e+003  -9.977293e+003  -1.135870e+004  -1.354407e+004   9.294320e+003   5.414163e+003   3.536906e+003   2.516300e+003   1.897864e+003   1.488446e+003   1.056797e+003   2.294583e+002  -0.000000e+000  
-6.173857e+003  -6.173562e+003  -6.151142e+003  -6.083625e+003  -5.913866e+003  -5.521565e+003  -4.661026e+003  -2.831138e+003  -2.454567e+003   5.186133e+002   1.212990e+003   1.259989e+003   1.136087e+003   9.803053e+002   7.564931e+002   1.824157e+002  -0.000000e+000  
-4.398377e+003  -4.397162e+003  -4.306087e+003  -4.110000e+003  -3.778140e+003  -3.264695e+003  -2.516296e+003  -1.501529e+003  -2.873122e+003  -1.127389e+003  -1.874659e+002   2.477319e+002   4.200928e+002   4.630720e+002   4.318852e+002   1.286045e+002  -0.000000e+000  
-3.043498e+003  -3.042315e+003  -2.953774e+003  -2.773649e+003  -2.494924e+003  -2.111117e+003  -1.622514e+003  -1.045987e+003  -2.673776e+003  -1.624694e+003  -8.682755e+002  -3.896693e+002  -1.112922e+002   3.690289e+001   1.358232e+002   7.363775e+001  -0.000000e+000  
-2.098324e+003  -2.097439e+003  -2.031301e+003  -1.900114e+003  -1.705022e+003  -1.449547e+003  -1.141547e+003  -7.951199e+002  -2.366152e+003  -1.705149e+003  -1.153195e+003  -7.416708e+002  -4.570798e+002  -2.719759e+002  -1.043150e+002   2.198310e+001  -0.000000e+000  
-1.459421e+003  -1.458823e+003  -1.414136e+003  -1.326529e+003  -1.198552e+003  -1.034526e+003  -8.409480e+002  -6.266626e+002  -2.059695e+003  -1.630596e+003  -1.238203e+003  -9.128880e+002  -6.611371e+002  -4.763699e+002  -2.828017e+002  -2.351872e+001  -0.000000e+000  
-1.027514e+003  -1.027129e+003  -9.984098e+002  -9.424131e+002  -8.612670e+002  -7.581979e+002  -6.375131e+002  -5.044801e+002  -1.785555e+003  -1.504170e+003  -1.227920e+003  -9.794695e+002  -7.698705e+002  -6.014454e+002  -4.063367e+002  -6.154344e+001  -0.000000e+000  
-5.628123e+002  -5.626560e+002  -5.509808e+002  -5.282398e+002  -4.953176e+002  -4.534990e+002  -4.044175e+002  -3.499830e+002  -1.359980e+003  -1.230646e+003  -1.089485e+003  -9.472793e+002  -8.118660e+002  -6.880503e+002  -5.230408e+002  -1.145816e+002  -0.000000e+000  
-2.822081e+002  -2.821666e+002  -2.790614e+002  -2.729918e+002  -2.641513e+002  -2.528195e+002  -2.393511e+002  -2.241616e+002  -9.347445e+002  -8.902106e+002  -8.342221e+002  -7.699405e+002  -7.001994e+002  -6.273354e+002  -5.160017e+002  -1.491647e+002  -0.000000e+000  
-2.313891e+002  -2.313624e+002  -2.293685e+002  -2.254503e+002  -2.196908e+002  -2.122089e+002  -2.031531e+002  -1.926936e+002  -8.485932e+002  -8.151901e+002  -7.719924e+002  -7.206892e+002  -6.629930e+002  -6.004912e+002  -5.015743e+002  -1.537083e+002  -0.000000e+000  

-0.000000e+000  -7.706638e-002  -5.757253e+000  -1.130955e+001  -1.661429e+001  -2.156456e+001  -2.607196e+001  -3.007191e+001  -3.352811e+001  -5.126014e+001  -6.668101e+001  -7.944492e+001  -8.951376e+001  -9.708370e+001  -1.025074e+002  -1.082253e+002  -1.002352e+002  
-0.000000e+000  -4.287370e-001  -3.202513e+001  -6.263409e+001  -9.132225e+001  -1.172361e+002  -1.396380e+002  -1.579382e+002  -1.717193e+002  -2.594666e+002  -3.295501e+002  -3.818979e+002  -4.180310e+002  -4.405156e+002  -4.524331e+002  -4.540877e+002  -3.946980e+002  
-0.000000e+000  -1.437107e+000  -1.073385e+002  -2.093074e+002  -3.036037e+002  -3.867745e+002  -4.558151e+002  -5.083386e+002  -5.427332e+002  -7.187607e+002  -8.313138e+002  -8.875007e+002  -8.993972e+002  -8.804200e+002  -8.429429e+002  -7.432832e+002  -5.635976e+002  
-0.000000e+000  -2.682695e+000  -2.003719e+002  -3.906900e+002  -5.664161e+002  -7.205249e+002  -8.464976e+002  -9.388264e+002  -9.936559e+002  -1.220554e+003  -1.324033e+003  -1.330529e+003  -1.272924e+003  -1.180267e+003  -1.074151e+003  -8.651043e+002  -6.082132e+002  
-0.000000e+000  -3.976154e+000  -2.969948e+002  -5.801082e+002  -8.430992e+002  -1.075103e+003  -1.264888e+003  -1.401851e+003  -1.477819e+003  -1.731421e+003  -1.791180e+003  -1.717668e+003  -1.572287e+003  -1.399697e+003  -1.227082e+003  -9.259156e+002  -6.189170e+002  
-0.000000e+000  -5.891391e+000  -4.401095e+002  -8.639770e+002  -1.265237e+003  -1.627871e+003  -1.931243e+003  -2.151230e+003  -2.264992e+003  -2.519189e+003  -2.448874e+003  -2.207778e+003  -1.910900e+003  -1.619564e+003  -1.359422e+003  -9.549921e+002  -6.068361e+002  
-0.000000e+000  -8.454816e+000  -6.317904e+002  -1.253933e+003  -1.868665e+003  -2.458811e+003  -2.989055e+003  -3.399325e+003  -3.607281e+003  -3.770409e+003  -3.350789e+003  -2.778063e+003  -2.242158e+003  -1.795413e+003  -1.437086e+003  -9.390849e+002  -5.688887e+002  
-0.000000e+000  -1.108791e+001  -8.289939e+002  -1.678543e+003  -2.587343e+003  -3.570828e+003  -4.610061e+003  -5.597367e+003  -6.208362e+003  -5.853663e+003  -4.471983e+003  -3.296642e+003  -2.446921e+003  -1.845700e+003  -1.411233e+003  -8.656325e+002  -5.034154e+002  
-0.000000e+000  -1.172748e+001  -8.774475e+002  -1.824602e+003  -2.954850e+003  -4.420511e+003  -6.474409e+003  -9.562420e+003  -1.318158e+004  -9.402992e+003  -5.300235e+003  -3.351855e+003  -2.298045e+003  -1.658738e+003  -1.232103e+003  -7.275420e+002  -4.109942e+002  
-0.000000e+000  -3.544792e+000  -2.647484e+002  -5.151169e+002  -7.392933e+002  -9.112399e+002  -9.849145e+002  -8.785010e+002  -0.000000e+000  -9.079654e+002  -1.189521e+003  -1.116266e+003  -9.427172e+002  -7.608819e+002  -6.004809e+002  -3.635444e+002  -1.983649e+002  
-0.000000e+000   3.544792e+000   2.647484e+002   5.151169e+002   7.392933e+002   9.112399e+002   9.849145e+002   8.785010e+002  -0.000000e+000   9.079654e+002   1.189521e+003   1.116266e+003   9.427172e+002   7.608819e+002   6.004809e+002   3.635444e+002   1.983649e+002  
-0.000000e+000   1.172748e+001   8.774475e+002   1.824602e+003   2.954850e+003   4.420511e+003   6.474409e+003   9.562420e+003   1.318158e+004   9.402992e+003   5.300235e+003   3.351855e+003   2.298045e+003   1.658738e+003   1.232103e+003   7.275420e+002   4.109942e+002  
-0.000000e+000   1.108791e+001   8.289939e+002   1.678543e+003   2.587343e+003   3.570828e+003   4.610061e+003   5.597367e+003   6.208362e+003   5.853663e+003   4.471983e+003   3.296642e+003   2.446921e+003   1.845700e+003   1.411233e+003   8.656325e+002   5.034154e+002  
-0.000000e+000   8.454816e+000   6.317904e+002   1.253933e+003   1.868665e+003   2.458811e+003   2.989055e+003   3.399325e+003   3.607281e+003   3.770409e+003   3.350789e+003   2.778063e+003   2.242158e+003   1.795413e+003   1.437086e+003   9.390849e+002   5.688887e+002  
-0.000000e+000   5.891391e+000   4.401095e+002   8.639770e+002   1.265237e+003   1.627871e+003   1.931243e+003   2.151230e+003   2.264992e+003   2.519189e+003   2.448874e+003   2.207778e+003   1.910900e+003   1.619564e+003   1.359422e+003   9.549921e+002   6.068361e+002  
-0.000000e+000   3.976154e+000   2.969948e+002   5.801082e+002   8.430992e+002   1.075103e+003   1.264888e+003   1.401851e+003   1.477819e+003   1.731421e+003   1.791180e+003   1.717668e+003   1.572287e+003   1.399697e+003   1.227082e+003   9.259156e+002   6.189170e+002  
-0.000000e+000   2.682695e+000   2.003719e+002   3.906900e+002   5.664161e+002   7.205249e+002   8.464976e+002   9.388264e+002   9.936559e+002   1.220554e+003   1.324033e+003   1.330529e+003   1.272924e+003   1.180267e+003   1.074151e+003   8.651043e+002   6.082132e+002  
-0.000000e+000   1.437107e+000   1.073385e+002   2.093074e+002   3.036037e+002   3.867745e+002   4.558151e+002   5.083386e+002   5.427332e+002   7.187607e+002   8.313138e+002   8.875007e+002   8.993972e+002   8.804200e+002   8.429429e+002   7.432832e+002   5.635976e+002  
-0.000000e+000   4.287370e-001   3.202513e+001   6.263409e+001   9.132225e+001   1.172361e+002   1.396380e+002   1.579382e+002   1.717193e+002   2.594666e+002   3.295501e+002   3.818979e+002   4.180310e+002   4.405156e+002   4.524331e+002   4.540877e+002   3.946980e+002  
-0.000000e+000   7.706638e-002   5.757253e+000   1.130955e+001   1.661429e+001   2.156456e+001   2.607196e+001   3.007191e+001   3.352811e+001   5.126014e+001   6.668101e+001   7.944492e+001   8.951376e+001   9.708370e+001   1.025074e+002   1.082253e+002   1.002352e+002  
-0.000000e+000  -0.000000e+000  -0.000000e+000  -0.000000e+000  -0.000000e+000  -0.000000e+000  -0.000000e+000  -0.000000e+000  -0.000000e+000  -0.000000e+000  -0.000000e+000  -0.000000e+000  -0.000000e+000  -0.000000e+000  -0.000000e+000  -0.000000e+000  -0.000000e+000  

 0.000000e+000   0.000000e+000   0.000000e+000   0.000000e+000   0.000000e+000   0.000000e+000   0.000000e+000   0.000000e+000   0.000000e+000   0.000000e+000   0.000000e+000   0.000000e+000   0.000000e+000   0.000000e+000   0.000000e+000   0.000000e+000   0.000000e+000  
 0.000000e+000   0.000000e+000   0.000000e+000   0.000000e+000   0.000000e+000   0.000000e+000   0.000000e+000   0.000000e+000   0.000000e+000   0.000000e+000   0.000000e+000   0.000000e+000   0.000000e+000   0.000000e+000   0.000000e+000   0.000000e+000   0.000000e+000  
 0.000000e+000   0.000000e+000   0.000000e+000   0.000000e+000   0.000000e+000   0.000000e+000   0.000000e+000   0.000000e+000   0.000000e+000   0.000000e+000   0.000000e+000   0.000000e+000   0.000000e+000   0.000000e+000   0.000000e+000   0.000000e+000   0.000000e+000  
 0.000000e+000   0.000000e+000   0.000000e+000   0.000000e+000   0.000000e+000   0.000000e+000   0.000000e+000   0.000000e+000   0.000000e+000   0.000000e+000   0.000000e+000   0.000000e+000   0.000000e+000   0.000000e+000   0.000000e+000   0.000000e+000   0.000000e+000  
 0.000000e+000   0.000000e+000   0.000000e+000   0.000000e+000   0.000000e+000   0.000000e+000   0.000000e+000   0.000000e+000   0.000000e+000   0.000000e+000   0.000000e+000   0.000000e+000   0.000000e+000   0.000000e+000   0.000000e+000   0.000000e+000   0.000000e+000  
 0.000000e+000   0.000000e+000   0.000000e+000   0.000000e+000   0.000000e+000   0.000000e+000   0.000000e+000   0.000000e+000   0.000000e+000   0.000000e+000   0.000000e+000   0.000000e+000   0.000000e+000   0.000000e+000   0.000000e+000   0.000000e+000   0.000000e+000  
 0.000000e+000   0.000000e+000   0.000000e+000   0.000000e+000   0.000000e+000   0.000000e+000   0.000000e+000   0.000000e+000   0.000000e+000   0.000000e+000   0.000000e+000   0.000000e+000   0.000000e+000   0.000000e+000   0.000000e+000   0.000000e+000   0.000000e+000  
 0.000000e+000   0.000000e+000   0.000000e+000   0.000000e+000   0.000000e+000   0.000000e+000   0.000000e+000   0.000000e+000   0.000000e+000   0.000000e+000   0.000000e+000   0.000000e+000   0.000000e+000   0.000000e+000   0.000000e+000   0.000000e+000   0.000000e+000  
 0.000000e+000   0.000000e+000   0.000000e+000   0.000000e+000   0.000000e+000   0.000000e+000   0.000000e+000   0.000000e+000   0.000000e+000   0.000000e+000   0.000000e+000   0.000000e+000   0.000000e+000   0.000000e+000   0.000000e+000   0.000000e+000   0.000000e+000  
 0.000000e+000   0.000000e+000   0.000000e+000   0.000000e+000   0.000000e+000   0.000000e+000   0.000000e+000   0.000000e+000   0.000000e+000   0.000000e+000   0.000000e+000   0.000000e+000   0.000000e+000   0.000000e+000   0.000000e+000   0.000000e+000   0.000000e+000  
 0.000000e+000   0.000000e+000   0.000000e+000   0.000000e+000   0.000000e+000   0.000000e+000   0.000000e+000   0.000000e+000   0.000000e+000   0.000000e+000   0.000000e+000   0.000000e+000   0.000000e+000   0.000000e+000   0.000000e+000   0.000000e+000   0.000000e+000  
 0.000000e+000   0.000000e+000   0.000000e+000   0.000000e+000   0.000000e+000   0.000000e+000   0.000000e+000   0.000000e+000   0.000000e+000   0.000000e+000   0.000000e+000   0.000000e+000   0.000000e+000   0.000000e+000   0.000000e+000   0.000000e+000   0.000000e+000  
 0.000000e+000   0.000000e+000   0.000000e+000   0.000000e+000   0.000000e+000   0.000000e+000   0.000000e+000   0.000000e+000   0.000000e+000   0.000000e+000   0.000000e+000   0.000000e+000   0.000000e+000   0.000000e+000   0.000000e+000   0.000000e+000   0.000000e+000  
 0.000000e+000   0.000000e+000   0.000000e+000   0.000000e+000   0.000000e+000   0.000000e+000   0.000000e+000   0.000000e+000   0.000000e+000   0.000000e+000   0.000000e+000   0.000000e+000   0.000000e+000   0.000000e+000   0.000000e+000   0.000000e+000   0.000000e+000  
 0.000000e+000   0.000000e+000   0.000000e+000   0.000000e+000   0.000000e+000   0.000000e+000   0.000000e+000   0.000000e+000   0.000000e+000   0.000000e+000   0.000000e+000   0.000000e+000   0.000000e+000   0.000000e+000   0.000000e+000   0.000000e+000   0.000000e+000  
 0.000000e+000   0.000000e+000   0.000000e+000   0.000000e+000   0.000000e+000   0.000000e+000   0.000000e+000   0.000000e+000   0.000000e+000   0.000000e+000   0.000000e+000   0.000000e+000   0.000000e+000   0.000000e+000   0.000000e+000   0.000000e+000   0.000000e+000  
 0.000000e+000   0.000000e+000   0.000000e+000   0.000000e+000   0.000000e+000   0.000000e+000   0.000000e+000   0.000000e+000   0.000000e+000   0.000000e+000   0.000000e+000   0.000000e+000   0.000000e+000   0.000000e+000   0.000000e+000   0.000000e+000   0.000000e+000  
 0.000000e+000   0.000000e+000   0.000000e+000   0.000000e+000   0.000000e+000   0.000000e+000   0.000000e+000   0.000000e+000   0.000000e+000   0.000000e+000   0.000000e+000   0.000000e+000   0.000000e+000   0.000000e+000   0.000000e+000   0.000000e+000   0.000000e+000  
 0.000000e+000   0.000000e+000   0.000000e+000   0.000000e+000   0.000000e+000   0.000000e+000   0.000000e+000   0.000000e+000   0.000000e+000   0.000000e+000   0.000000e+000   0.000000e+000   0.000000e+000   0.000000e+000   0.000000e+000   0.000000e+000   0.000000e+000  
 0.000000e+000   0.000000e+000   0.000000e+000   0.000000e+000   0.000000e+000   0.000000e+000   0.000000e+000   0.000000e+000   0.000000e+000   0.000000e+000   0.000000e+000   0.000000e+000   0.000000e+000   0.000000e+000   0.000000e+000   0.000000e+000   0.000000e+000  
 0.000000e+000   0.000000e+000   0.000000e+000   0.000000e+000   0.000000e+000   0.000000e+000   0.000000e+000   0.000000e+000   0.000000e+000   0.000000e+000   0.000000e+000   0.000000e+000   0.000000e+000   0.000000e+000   0.000000e+000   0.000000e+000   0.000000e+000  

 0.000000e+000   0.000000e+000   0.000000e+000   0.000000e+000   0.000000e+000   0.000000e+000   0.000000e+000   0.000000e+000   0.000000e+000   0.000000e+000   0.000000e+000   0.000000e+000   0.000000e+000   0.000000e+000   0.000000e+000   0.000000e+000   0.000000e+000  
 0.000000e+000   0.000000e+000   0.000000e+000   0.000000e+000   0.000000e+000   0.000000e+000   0.000000e+000   0.000000e+000   0.000000e+000   0.000000e+000   0.000000e+000   0.000000e+000   0.000000e+000   0.000000e+000   0.000000e+000   0.000000e+000   0.000000e+000  
 0.000000e+000   0.000000e+000   0.000000e+000   0.000000e+000   0.000000e+000   0.000000e+000   0.000000e+000   0.000000e+000   0.000000e+000   0.000000e+000   0.000000e+000   0.000000e+000   0.000000e+000   0.000000e+000   0.000000e+000   0.000000e+000   0.000000e+000  
 0.000000e+000   0.000000e+000   0.000000e+000   0.000000e+000   0.000000e+000   0.000000e+000   0.000000e+000   0.000000e+000   0.000000e+000   0.000000e+000   0.000000e+000   0.000000e+000   0.000000e+000   0.000000e+000   0.000000e+000   0.000000e+000   0.000000e+000  
 0.000000e+000   0.000000e+000   0.000000e+000   0.000000e+000   0.000000e+000   0.000000e+000   0.000000e+000   0.000000e+000   0.000000e+000   0.000000e+000   0.000000e+000   0.000000e+000   0.000000e+000   0.000000e+000   0.000000e+000   0.000000e+000   0.000000e+000  
 0.000000e+000   0.000000e+000   0.000000e+000   0.000000e+000   0.000000e+000   0.000000e+000   0.000000e+000   0.000000e+000   0.000000e+000   0.000000e+000   0.000000e+000   0.000000e+000   0.000000e+000   0.000000e+000   0.000000e+000   0.000000e+000   0.000000e+000  
 0.000000e+000   0.000000e+000   0.000000e+000   0.000000e+000   0.000000e+000   0.000000e+000   0.000000e+000   0.000000e+000   0.000000e+000   0.000000e+000   0.000000e+000   0.000000e+000   0.000000e+000   0.000000e+000   0.000000e+000   0.000000e+000   0.000000e+000  
 0.000000e+000   0.000000e+000   0.000000e+000   0.000000e+000   0.000000e+000   0.000000e+000   0.000000e+000   0.000000e+000   0.000000e+000   0.000000e+000   0.000000e+000   0.000000e+000   0.000000e+000   0.000000e+000   0.000000e+000   0.000000e+000   0.000000e+000  
 0.000000e+000   0.000000e+000   0.000000e+000   0.000000e+000   0.000000e+000   0.000000e+000   0.000000e+000   0.000000e+000   0.000000e+000   0.000000e+000   0.000000e+000   0.000000e+000   0.000000e+000   0.000000e+000   0.000000e+000   0.000000e+000   0.000000e+000  
 0.000000e+000   0.000000e+000   0.000000e+000   0.000000e+000   0.000000e+000   0.000000e+000   0.000000e+000   0.000000e+000   0.000000e+000   0.000000e+000   0.000000e+000   0.000000e+000   0.000000e+000   0.000000e+000   0.000000e+000   0.000000e+000   0.000000e+000  
 0.000000e+000   0.000000e+000   0.000000e+000   0.000000e+000   0.000000e+000   0.000000e+000   0.000000e+000   0.000000e+000   0.000000e+000   0.000000e+000   0.000000e+000   0.000000e+000   0.000000e+000   0.000000e+000   0.000000e+000   0.000000e+000   0.000000e+000  
 0.000000e+000   0.000000e+000   0.000000e+000   0.000000e+000   0.000000e+000   0.000000e+000   0.000000e+000   0.000000e+000   0.000000e+000   0.000000e+000   0.000000e+000   0.000000e+000   0.000000e+000   0.000000e+000   0.000000e+000   0.000000e+000   0.000000e+000  
 0.000000e+000   0.000000e+000   0.000000e+000   0.000000e+000   0.000000e+000   0.000000e+000   0.000000e+000   0.000000e+000   0.000000e+000   0.000000e+000   0.000000e+000   0.000000e+000   0.000000e+000   0.000000e+000   0.000000e+000   0.000000e+000   0.000000e+000  
 0.000000e+000   0.000000e+000   0.000000e+000   0.000000e+000   0.000000e+000   0.000000e+000   0.000000e+000   0.000000e+000   0.000000e+000   0.000000e+000   0.000000e+000   0.000000e+000   0.000000e+000   0.000000e+000   0.000000e+000   0.000000e+000   0.000000e+000  
 0.000000e+000   0.000000e+000   0.000000e+000   0.000000e+000   0.000000e+000   0.000000e+000   0.000000e+000   0.000000e+000   0.000000e+000   0.000000e+000   0.000000e+000   0.000000e+000   0.000000e+000   0.000000e+000   0.000000e+000   0.000000e+000   0.000000e+000  
 0.000000e+000   0.000000e+000   0.000000e+000   0.000000e+000   0.000000e+000   0.000000e+000   0.000000e+000   0.000000e+000   0.000000e+000   0.000000e+000   0.000000e+000   0.000000e+000   0.000000e+000   0.000000e+000   0.000000e+000   0.000000e+000   0.000000e+000  
 0.000000e+000   0.000000e+000   0.000000e+000   0.000000e+000   0.000000e+000   0.000000e+000   0.000000e+000   0.000000e+000   0.000000e+000   0.000000e+000   0.000000e+000   0.000000e+000   0.000000e+000   0.000000e+000   0.000000e+000   0.000000e+000   0.000000e+000  
 0.000000e+000   0.000000e+000   0.000000e+000   0.000000e+000   0.000000e+000   0.000000e+000   0.000000e+000   0.000000e+000   0.000000e+000   0.000000e+000   0.000000e+000   0.000000e+000   0.000000e+000   0.000000e+000   0.000000e+000   0.000000e+000   0.000000e+000  
 0.000000e+000   0.000000e+000   0.000000e+000   0.000000e+000   0.000000e+000   0.000000e+000   0.000000e+000   0.000000e+000   0.000000e+000   0.000000e+000   0.000000e+000   0.000000e+000   0.000000e+000   0.000000e+000   0.000000e+000   0.000000e+000   0.000000e+000  
 0.000000e+000   0.000000e+000   0.000000e+000   0.000000e+000   0.000000e+000   0.000000e+000   0.000000e+000   0.000000e+000   0.000000e+000   0.000000e+000   0.000000e+000   0.000000e+000   0.000000e+000   0.000000e+000   0.000000e+000   0.000000e+000   0.000000e+000  
 0.000000e+000   0.000000e+000   0.000000e+000   0.000000e+000   0.000000e+000   0.000000e+000   0.000000e+000   0.000000e+000   0.000000e+000   0.000000e+000   0.000000e+000   0.000000e+000   0.000000e+000   0.000000e+000   0.000000e+000   0.000000e+000   0.000000e+000  

 0.000000e+000   0.000000e+000   0.000000e+000   0.000000e+000   0.000000e+000   0.000000e+000   0.000000e+000   0.000000e+000   0.000000e+000   0.000000e+000   0.000000e+000   0.000000e+000   0.000000e+000   0.000000e+000   0.000000e+000   0.000000e+000   0.000000e+000  
 0.000000e+000   0.000000e+000   0.000000e+000   0.000000e+000   0.000000e+000   0.000000e+000   0.000000e+000   0.000000e+000   0.000000e+000   0.000000e+000   0.000000e+000   0.000000e+000   0.000000e+000   0.000000e+000   0.000000e+000   0.000000e+000   0.000000e+000  
 0.000000e+000   0.000000e+000   0.000000e+000   0.000000e+000   0.000000e+000   0.000000e+000   0.000000e+000   0.000000e+000   0.000000e+000   0.000000e+000   0.000000e+000   0.000000e+000   0.000000e+000   0.000000e+000   0.000000e+000   0.000000e+000   0.000000e+000  
 0.000000e+000   0.000000e+000   0.000000e+000   0.000000e+000   0.000000e+000   0.000000e+000   0.000000e+000   0.000000e+000   0.000000e+000   0.000000e+000   0.000000e+000   0.000000e+000   0.000000e+000   0.000000e+000   0.000000e+000   0.000000e+000   0.000000e+000  
 0.000000e+000   0.000000e+000   0.000000e+000   0.000000e+000   0.000000e+000   0.000000e+000   0.000000e+000   0.000000e+000   0.000000e+000   0.000000e+000   0.000000e+000   0.000000e+000   0.000000e+000   0.000000e+000   0.000000e+000   0.000000e+000   0.000000e+000  
 0.000000e+000   0.000000e+000   0.000000e+000   0.000000e+000   0.000000e+000   0.000000e+000   0.000000e+000   0.000000e+000   0.000000e+000   0.000000e+000   0.000000e+000   0.000000e+000   0.000000e+000   0.000000e+000   0.000000e+000   0.000000e+000   0.000000e+000  
 0.000000e+000   0.000000e+000   0.000000e+000   0.000000e+000   0.000000e+000   0.000000e+000   0.000000e+000   0.000000e+000   0.000000e+000   0.000000e+000   0.000000e+000   0.000000e+000   0.000000e+000   0.000000e+000   0.000000e+000   0.000000e+000   0.000000e+000  
 0.000000e+000   0.000000e+000   0.000000e+000   0.000000e+000   0.000000e+000   0.000000e+000   0.000000e+000   0.000000e+000   0.000000e+000   0.000000e+000   0.000000e+000   0.000000e+000   0.000000e+000   0.000000e+000   0.000000e+000   0.000000e+000   0.000000e+000  
 0.000000e+000   0.000000e+000   0.000000e+000   0.000000e+000   0.000000e+000   0.000000e+000   0.000000e+000   0.000000e+000   0.000000e+000   0.000000e+000   0.000000e+000   0.000000e+000   0.000000e+000   0.000000e+000   0.000000e+000   0.000000e+000   0.000000e+000  
 0.000000e+000   0.000000e+000   0.000000e+000   0.000000e+000   0.000000e+000   0.000000e+000   0.000000e+000   0.000000e+000   0.000000e+000   0.000000e+000   0.000000e+000   0.000000e+000   0.000000e+000   0.000000e+000   0.000000e+000   0.000000e+000   0.000000e+000  
 0.000000e+000   0.000000e+000   0.000000e+000   0.000000e+000   0.000000e+000   0.000000e+000   0.000000e+000   0.000000e+000   0.000000e+000   0.000000e+000   0.000000e+000   0.000000e+000   0.000000e+000   0.000000e+000   0.000000e+000   0.000000e+000   0.000000e+000  
 0.000000e+000   0.000000e+000   0.000000e+000   0.000000e+000   0.000000e+000   0.000000e+000   0.000000e+000   0.000000e+000   0.000000e+000   0.000000e+000   0.000000e+000   0.000000e+000   0.000000e+000   0.000000e+000   0.000000e+000   0.000000e+000   0.000000e+000  
 0.000000e+000   0.000000e+000   0.000000e+000   0.000000e+000   0.000000e+000   0.000000e+000   0.000000e+000   0.000000e+000   0.000000e+000   0.000000e+000   0.000000e+000   0.000000e+000   0.000000e+000   0.000000e+000   0.000000e+000   0.000000e+000   0.000000e+000  
 0.000000e+000   0.000000e+000   0.000000e+000   0.000000e+000   0.000000e+000   0.000000e+000   0.000000e+000   0.000000e+000   0.000000e+000   0.000000e+000   0.000000e+000   0.000000e+000   0.000000e+000   0.000000e+000   0.000000e+000   0.000000e+000   0.000000e+000  
 0.000000e+000   0.000000e+000   0.000000e+000   0.000000e+000   0.000000e+000   0.000000e+000   0.000000e+000   0.000000e+000   0.000000e+000   0.000000e+000   0.000000e+000   0.000000e+000   0.000000e+000   0.000000e+000   0.000000e+000   0.000000e+000   0.000000e+000  
 0.000000e+000   0.000000e+000   0.000000e+000   0.000000e+000   0.000000e+000   0.000000e+000   0.000000e+000   0.000000e+000   0.000000e+000   0.000000e+000   0.000000e+000   0.000000e+000   0.000000e+000   0.000000e+000   0.000000e+000   0.000000e+000   0.000000e+000  
 0.000000e+000   0.000000e+000   0.000000e+000   0.000000e+000   0.000000e+000   0.000000e+000   0.000000e+000   0.000000e+000   0.000000e+000   0.000000e+000   0.000000e+000   0.000000e+000   0.000000e+000   0.000000e+000   0.000000e+000   0.000000e+000   0.000000e+000  
 0.000000e+000   0.000000e+000   0.000000e+000   0.000000e+000   0.000000e+000   0.000000e+000   0.000000e+000   0.000000e+000   0.000000e+000   0.000000e+000   0.000000e+000   0.000000e+000   0.000000e+000   0.000000e+000   0.000000e+000   0.000000e+000   0.000000e+000  
 0.000000e+000   0.000000e+000   0.000000e+000   0.000000e+000   0.000000e+000   0.000000e+000   0.000000e+000   0.000000e+000   0.000000e+000   0.000000e+000   0.000000e+000   0.000000e+000   0.000000e+000   0.000000e+000   0.000000e+000   0.000000e+000   0.000000e+000  
 0.000000e+000   0.000000e+000   0.000000e+000   0.000000e+000   0.000000e+000   0.000000e+000   0.000000e+000   0.000000e+000   0.000000e+000   0.000000e+000   0.000000e+000   0.000000e+000   0.000000e+000   0.000000e+000   0.000000e+000   0.000000e+000   0.000000e+000  
 0.000000e+000   0.000000e+000   0.000000e+000   0.000000e+000   0.000000e+000   0.000000e+000   0.000000e+000   0.000000e+000   0.000000e+000   0.000000e+000   0.000000e+000   0.000000e+000   0.000000e+000   0.000000e+000   0.000000e+000   0.000000e+000   0.000000e+000  

-0.000000e+000  -1.023518e-001  -7.648225e+000  -1.517593e+001  -2.266759e+001  -3.010541e+001  -3.747181e+001  -4.474941e+001  -5.192123e+001  -5.325050e+001  -5.425816e+001  -5.499659e+001  -5.551739e+001  -5.586884e+001  -5.609447e+001  -5.628265e+001  -5.591757e+001  
-0.000000e+000  -1.080286e-001  -8.072433e+000  -1.601796e+001  -2.392586e+001  -3.177706e+001  -3.955215e+001  -4.723120e+001  -5.479378e+001  -5.575388e+001  -5.636848e+001  -5.671938e+001  -5.687725e+001  -5.690129e+001  -5.683998e+001  -5.657841e+001  -5.585798e+001  
-0.000000e+000  -1.324641e-001  -9.898567e+000  -1.965607e+001  -2.939538e+001  -3.910475e+001  -4.876933e+001  -5.837040e+001  -6.788479e+001  -6.639553e+001  -6.475332e+001  -6.310645e+001  -6.155123e+001  -6.014200e+001  -5.890277e+001  -5.694778e+001  -5.519239e+001  
-0.000000e+000  -1.478173e-001  -1.104635e+001  -2.197275e+001  -3.295145e+001  -4.400087e+001  -5.513045e+001  -6.633802e+001  -7.760753e+001  -7.313910e+001  -6.909702e+001  -6.562436e+001  -6.274504e+001  -6.041138e+001  -5.854258e+001  -5.593326e+001  -5.416674e+001  
-0.000000e+000  -1.528346e-001  -1.142182e+001  -2.275830e+001  -3.422485e+001  -4.587555e+001  -5.775095e+001  -6.987255e+001  -8.223748e+001  -7.563040e+001  -7.008066e+001  -6.564246e+001  -6.220183e+001  -5.957776e+001  -5.758323e+001  -5.498640e+001  -5.347901e+001  
-0.000000e+000  -1.535854e-001  -1.147870e+001  -2.292998e+001  -3.462882e+001  -4.668876e+001  -5.920751e+001  -7.225502e+001  -8.585853e+001  -7.663566e+001  -6.949945e+001  -6.425689e+001  -6.051210e+001  -5.786353e+001  -5.597864e+001  -5.373875e+001  -5.269386e+001  
-0.000000e+000  -1.463826e-001  -1.094143e+001  -2.193580e+001  -3.333208e+001  -4.534067e+001  -5.817265e+001  -7.201635e+001  -8.699064e+001  -7.468749e+001  -6.623793e+001  -6.075405e+001  -5.727657e+001  -5.507694e+001  -5.366293e+001  -5.222436e+001  -5.184567e+001  
-0.000000e+000  -1.266358e-001  -9.466408e+000  -1.905083e+001  -2.915468e+001  -4.011890e+001  -5.237770e+001  -6.645744e+001  -8.288208e+001  -6.726578e+001  -5.876657e+001  -5.440764e+001  -5.223537e+001  -5.118588e+001  -5.070218e+001  -5.053331e+001  -5.098401e+001  
-0.000000e+000  -9.152148e-002  -6.840905e+000  -1.372345e+001  -2.093186e+001  -2.881065e+001  -3.802210e+001  -4.987479e+001  -6.699236e+001  -4.971493e+001  -4.540831e+001  -4.495881e+001  -4.560816e+001  -4.650270e+001  -4.737642e+001  -4.881661e+001  -5.017067e+001  
-0.000000e+000  -4.807584e-002  -3.589014e+000  -6.863490e+000  -9.557259e+000  -1.123848e+001  -1.125430e+001  -8.553759e+000  -0.000000e+000  -1.368294e+001  -2.656312e+001  -3.395598e+001  -3.864439e+001  -4.186256e+001  -4.421028e+001  -4.727098e+001  -4.947299e+001  
-0.000000e+000  -1.387196e-002  -1.034565e+000  -1.902291e+000  -2.472929e+000  -2.619348e+000  -2.249653e+000  -1.340772e+000  -0.000000e+000  -3.326372e+000  -1.459955e+001  -2.351595e+001  -3.037789e+001  -3.561544e+001  -3.962796e+001  -4.496544e+001  -4.848705e+001  
-0.000000e+000  -4.807584e-002  -3.589014e+000  -6.863490e+000  -9.557259e+000  -1.123848e+001  -1.125430e+001  -8.553759e+000  -0.000000e+000  -1.368294e+001  -2.656312e+001  -3.395598e+001  -3.864439e+001  -4.186256e+001  -4.421028e+001  -4.727098e+001  -4.947299e+001  
-0.000000e+000  -9.152148e-002  -6.840905e+000  -1.372345e+001  -2.093186e+001  -2.881065e+001  -3.802210e+001  -4.987479e+001  -6.699236e+001  -4.971493e+001  -4.540831e+001  -4.495881e+001  -4.560816e+001  -4.650270e+001  -4.737642e+001  -4.881661e+001  -5.017067e+001  
-0.000000e+000  -1.266358e-001  -9.466408e+000  -1.905083e+001  -2.915468e+001  -4.011890e+001  -5.237770e+001  -6.645744e+001  -8.288208e+001  -6.726578e+001  -5.876657e+001  -5.440764e+001  -5.223537e+001  -5.118588e+001  -5.070218e+001  -5.053331e+001  -5.098401e+001  
-0.000000e+000  -1.463826e-001  -1.094143e+001  -2.193580e+001  -3.333208e+001  -4.534067e+001  -5.817265e+001  -7.201635e+001  -8.699064e+001  -7.468749e+001  -6.623793e+001  -6.075405e+001  -5.727657e+001  -5.507694e+001  -5.366293e+001  -5.222436e+001  -5.184567e+001  
-0.000000e+000  -1.535854e-001  -1.147870e+001  -2.292998e+001  -3.462882e+001  -4.668876e+001  -5.920751e+001  -7.225502e+001  -8.585853e+001  -7.663566e+001  -6.949945e+001  -6.425689e+001  -6.051210e+001  -5.786353e+001  -5.597864e+001  -5.373875e+001  -5.269386e+001  
-0.000000e+000  -1.528346e-001  -1.142182e+001  -2.275830e+001  -3.422485e+001  -4.587555e+001  -5.775095e+001  -6.987255e+001  -8.223748e+001  -7.563040e+001  -7.008066e+001  -6.564246e+001  -6.220183e+001  -5.957776e+001  -5.758323e+001  -5.498640e+001  -5.347901e+001  
-0.000000e+000  -1.478173e-001  -1.104635e+001  -2.197275e+001  -3.295145e+001  -4.400087e+001  -5.513045e+001  -6.633802e+001  -7.760753e+001  -7.313910e+001  -6.909702e+001  -6.562436e+001  -6.274504e+001  -6.041138e+001  -5.854258e+001  -5.593326e+001  -5.416674e+001  
-0.000000e+000  -1.324641e-001  -9.898567e+000  -1.965607e+001  -2.939538e+001  -3.910475e+001  -4.876933e+001  -5.837040e+001  -6.788479e+001  -6.639553e+001  -6.475332e+001  -6.310645e+001  -6.155123e+001  -6.014200e+001  -5.890277e+001  -5.694778e+001  -5.519239e+001  
-0.000000e+000  -1.080286e-001  -8.072433e+000  -1.601796e+001  -2.392586e+001  -3.177706e+001  -3.955215e+001  -4.723120e+001  -5.479378e+001  -5.575388e+001  -5.636848e+001  -5.671938e+001  -5.687725e+001  -5.690129e+001  -5.683998e+001  -5.657841e+001  -5.585798e+001  
-0.000000e+000  -1.023518e-001  -7.648225e+000  -1.517593e+001  -2.266759e+001  -3.010541e+001  -3.747181e+001  -4.474941e+001  -5.192123e+001  -5.325050e+001  -5.425816e+001  -5.499659e+001  -5.551739e+001  -5.586884e+001  -5.609447e+001  -5.628265e+001  -5.591757e+001  

