DAVITO: <<<<<<<<<<<<<<<<<<<<<<<<<<<
        2014 Jan 30 (Thu): 22:43:04
        <<<<<<<<<<<<<<<<<<<<<<<<<<<
        
DAVITO: =============================
        Mesher selection: manual: PBA
        =============================
        
DAVITO: ===============================
        Port preparation
        Version 2011.0 (build 20110114)
        ===============================
        
DAVITO: ==========================
        Finished port preparation.
        ==========================
        
DAVITO: >>>>>>>>>>>>>>>>>>>>>>>>>>>
        2014 Jan 30 (Thu): 22:43:07
        >>>>>>>>>>>>>>>>>>>>>>>>>>>
        
DAVITO: <<<<<<<<<<<<<<<<<<<<<<<<<<<
        2014 Jan 30 (Thu): 22:43:10
        <<<<<<<<<<<<<<<<<<<<<<<<<<<
        
DAVITO: =============================
        Mesher selection: manual: PBA
        =============================
        
DAVITO: ===============================
        Matrix computation (PBA)
        Version 2011.0 (build 20110114)
        ===============================
        
DAVITO: =================================
        Finished matrix computation (PBA)
        =================================
        
DAVITO: >>>>>>>>>>>>>>>>>>>>>>>>>>>
        2014 Jan 30 (Thu): 22:43:12
        >>>>>>>>>>>>>>>>>>>>>>>>>>>
        
DAVITO: <<<<<<<<<<<<<<<<<<<<<<<<<<<
        2014 Jan 30 (Thu): 22:43:14
        <<<<<<<<<<<<<<<<<<<<<<<<<<<
        
DAVITO: =============================
        Mesher selection: manual: PBA
        =============================
        
DAVITO: ===============================
        Matrix computation (PBA)
        Version 2011.0 (build 20110114)
        ===============================
        
DAVITO: =================================
        Finished matrix computation (PBA)
        =================================
        
DAVITO: >>>>>>>>>>>>>>>>>>>>>>>>>>>
        2014 Jan 30 (Thu): 22:43:16
        >>>>>>>>>>>>>>>>>>>>>>>>>>>
        
DAVITO: <<<<<<<<<<<<<<<<<<<<<<<<<<<
        2014 Jan 30 (Thu): 22:43:18
        <<<<<<<<<<<<<<<<<<<<<<<<<<<
        
DAVITO: =============================
        Mesher selection: manual: PBA
        =============================
        
DAVITO: ===============================
        Matrix computation (PBA)
        Version 2011.0 (build 20110114)
        ===============================
        
DAVITO: =================================
        Finished matrix computation (PBA)
        =================================
        
DAVITO: >>>>>>>>>>>>>>>>>>>>>>>>>>>
        2014 Jan 30 (Thu): 22:43:20
        >>>>>>>>>>>>>>>>>>>>>>>>>>>
        
DAVITO: <<<<<<<<<<<<<<<<<<<<<<<<<<<
        2014 Jan 30 (Thu): 22:43:23
        <<<<<<<<<<<<<<<<<<<<<<<<<<<
        
DAVITO: =============================
        Mesher selection: manual: PBA
        =============================
        
DAVITO: ===============================
        Matrix computation (PBA)
        Version 2011.0 (build 20110114)
        ===============================
        
DAVITO: =================================
        Finished matrix computation (PBA)
        =================================
        
DAVITO: >>>>>>>>>>>>>>>>>>>>>>>>>>>
        2014 Jan 30 (Thu): 22:43:25
        >>>>>>>>>>>>>>>>>>>>>>>>>>>
        
DAVITO: <<<<<<<<<<<<<<<<<<<<<<<<<<<
        2014 Jan 30 (Thu): 22:43:27
        <<<<<<<<<<<<<<<<<<<<<<<<<<<
        
DAVITO: ==================================================================================================================================================================================================================================================================
        Mesher selection: automatic: PBA [no subgrids, no MPI, no connectivity info, low model complexity (no splines, no sheets, no hybrids, # of faces: 26 <= 1000, # of spline-faces: 0 <= 50), no power loss, no faceports, no sensitivity, no inhomogeneous material]
        ==================================================================================================================================================================================================================================================================
        
DAVITO: ===============================
        Processing CAD model
        Version 2011.0 (build 20110114)
        ===============================
        
DAVITO: =======================
        Finished CAD processing
        =======================
        
DAVITO: ===============================
        Matrix computation (PBA)
        Version 2011.0 (build 20110114)
        ===============================
        
DAVITO: =================================
        Finished matrix computation (PBA)
        =================================
        
DAVITO: >>>>>>>>>>>>>>>>>>>>>>>>>>>
        2014 Jan 30 (Thu): 22:43:33
        >>>>>>>>>>>>>>>>>>>>>>>>>>>
        
