Port monitor named: D:\CST_Workspace\patch\Result\Port1_h1.prt

nx        = 54
ny        = 60
nz        = 18

nu        = 4
nv        = 6
iu        = 9
iv        = 25

idir      = 1
dcut      = -4.772411e-002
icut      = 9
type      = 1
frequency = 2.400000e+009

fcutoff   = 0.000000e+000
alpha     = 0.000000e+000
beta      = 9.584894e+001
accuracy  = 5.197710e-015

type          = QTEM
wave imp.     = 1.977032e+002
wave imp.sig. = 0.000000e+000
line imp.     = 5.227291e+001

-0.000000e+000   1.590514e+000   1.526435e+000   1.229206e+000  
-0.000000e+000   1.107060e+001   5.046507e+000   3.004170e+000  
-0.000000e+000  -0.000000e+000  -0.000000e+000  -0.000000e+000  
-0.000000e+000  -1.107060e+001  -5.046507e+000  -3.004170e+000  
-0.000000e+000  -1.590514e+000  -1.526435e+000  -1.229206e+000  
-0.000000e+000  -0.000000e+000  -0.000000e+000  -0.000000e+000  

-5.953657e+000  -3.797850e+000  -1.144353e+000  -0.000000e+000  
-9.938527e+000  -3.758420e+000  -8.004712e-001  -0.000000e+000  
-3.451845e+001   6.677368e+000   1.611920e+000  -0.000000e+000  
-3.451845e+001   6.677368e+000   1.611920e+000  -0.000000e+000  
-9.938527e+000  -3.758420e+000  -8.004712e-001  -0.000000e+000  
-5.953657e+000  -3.797850e+000  -1.144353e+000  -0.000000e+000  

 0.000000e+000   0.000000e+000   0.000000e+000   0.000000e+000  
 0.000000e+000   0.000000e+000   0.000000e+000   0.000000e+000  
 0.000000e+000   0.000000e+000   0.000000e+000   0.000000e+000  
 0.000000e+000   0.000000e+000   0.000000e+000   0.000000e+000  
 0.000000e+000   0.000000e+000   0.000000e+000   0.000000e+000  
 0.000000e+000   0.000000e+000   0.000000e+000   0.000000e+000  

 0.000000e+000   0.000000e+000   0.000000e+000   0.000000e+000  
 0.000000e+000   0.000000e+000   0.000000e+000   0.000000e+000  
 0.000000e+000   0.000000e+000   0.000000e+000   0.000000e+000  
 0.000000e+000   0.000000e+000   0.000000e+000   0.000000e+000  
 0.000000e+000   0.000000e+000   0.000000e+000   0.000000e+000  
 0.000000e+000   0.000000e+000   0.000000e+000   0.000000e+000  

 0.000000e+000   0.000000e+000   0.000000e+000   0.000000e+000  
 0.000000e+000   0.000000e+000   0.000000e+000   0.000000e+000  
 0.000000e+000   0.000000e+000   0.000000e+000   0.000000e+000  
 0.000000e+000   0.000000e+000   0.000000e+000   0.000000e+000  
 0.000000e+000   0.000000e+000   0.000000e+000   0.000000e+000  
 0.000000e+000   0.000000e+000   0.000000e+000   0.000000e+000  

 3.132605e-001   2.201418e-001   6.556042e-002   0.000000e+000  
 1.023543e+000   6.476976e-001   1.567316e-001   0.000000e+000  
 0.000000e+000   0.000000e+000   0.000000e+000   0.000000e+000  
-1.023543e+000  -6.476976e-001  -1.567316e-001   0.000000e+000  
-3.132605e-001  -2.201418e-001  -6.556042e-002   0.000000e+000  
 0.000000e+000   0.000000e+000   0.000000e+000   0.000000e+000  

