Port monitor named: D:\CST_Workspace\patch\Result\Port1_e1.prt

nx        = 54
ny        = 60
nz        = 18

nu        = 4
nv        = 6
iu        = 9
iv        = 25

idir      = 1
dcut      = -4.772411e-002
icut      = 9
type      = 0
frequency = 2.400000e+009

fcutoff   = 0.000000e+000
alpha     = 0.000000e+000
beta      = 9.584894e+001
accuracy  = 5.197710e-015

type          = QTEM
wave imp.     = 1.977032e+002
wave imp.sig. = 0.000000e+000
line imp.     = 5.227291e+001

-3.290846e+002  -7.868434e+002  -2.438886e+002  -0.000000e+000  
-9.341046e+002  -8.762826e+002  -1.861627e+002  -0.000000e+000  
-6.824407e+003   1.481749e+003   3.557667e+002  -0.000000e+000  
-6.824407e+003   1.481749e+003   3.557667e+002  -0.000000e+000  
-9.341046e+002  -8.762826e+002  -1.861627e+002  -0.000000e+000  
-3.290846e+002  -7.868434e+002  -2.438886e+002  -0.000000e+000  

-0.000000e+000  -2.405073e+002  -3.092663e+002  -2.590958e+002  
-0.000000e+000  -2.483517e+003  -1.124685e+003  -6.664814e+002  
-0.000000e+000  -0.000000e+000  -0.000000e+000  -0.000000e+000  
-0.000000e+000   2.483517e+003   1.124685e+003   6.664814e+002  
-0.000000e+000   2.405073e+002   3.092663e+002   2.590958e+002  
-0.000000e+000  -0.000000e+000  -0.000000e+000  -0.000000e+000  

 0.000000e+000   0.000000e+000   0.000000e+000   0.000000e+000  
 0.000000e+000   0.000000e+000   0.000000e+000   0.000000e+000  
 0.000000e+000   0.000000e+000   0.000000e+000   0.000000e+000  
 0.000000e+000   0.000000e+000   0.000000e+000   0.000000e+000  
 0.000000e+000   0.000000e+000   0.000000e+000   0.000000e+000  
 0.000000e+000   0.000000e+000   0.000000e+000   0.000000e+000  

 0.000000e+000   0.000000e+000   0.000000e+000   0.000000e+000  
 0.000000e+000   0.000000e+000   0.000000e+000   0.000000e+000  
 0.000000e+000   0.000000e+000   0.000000e+000   0.000000e+000  
 0.000000e+000   0.000000e+000   0.000000e+000   0.000000e+000  
 0.000000e+000   0.000000e+000   0.000000e+000   0.000000e+000  
 0.000000e+000   0.000000e+000   0.000000e+000   0.000000e+000  

 0.000000e+000   0.000000e+000   0.000000e+000   0.000000e+000  
 0.000000e+000   0.000000e+000   0.000000e+000   0.000000e+000  
 0.000000e+000   0.000000e+000   0.000000e+000   0.000000e+000  
 0.000000e+000   0.000000e+000   0.000000e+000   0.000000e+000  
 0.000000e+000   0.000000e+000   0.000000e+000   0.000000e+000  
 0.000000e+000   0.000000e+000   0.000000e+000   0.000000e+000  

-0.000000e+000  -5.778811e+001  -5.270939e+001  -5.021966e+001  
-0.000000e+000  -7.024579e+001  -5.144828e+001  -4.751089e+001  
-0.000000e+000  -0.000000e+000  -3.005591e+001  -3.528823e+001  
-0.000000e+000  -0.000000e+000  -3.005591e+001  -3.528823e+001  
-0.000000e+000  -7.024579e+001  -5.144828e+001  -4.751089e+001  
-0.000000e+000  -5.778811e+001  -5.270939e+001  -5.021966e+001  

